<?xml version="1.0" encoding="UTF-8"?>
<!-- Generated by org.testng.reporters.JUnitReportReporter -->
<testsuite name="com.wallethub.UIAutomation.WalletHubProfileUiAutomation.PostReviewComment.TCC01_ToVerifyFiveStarAreSelected" tests="3" time="35.675" ignored="0" failures="0" timestamp="02 Dec 2017 10:59:17 GMT" skipped="0" hostname="PATHARAJ1" errors="0">
  <testcase name="selectValueFromDropDown" time="6.664" classname="com.wallethub.UIAutomation.WalletHubProfileUiAutomation.PostReviewComment.TCC01_ToVerifyFiveStarAreSelected"/>
  <testcase name="verifyActaulandEcpectedReviewCommnets" time="18.657" classname="com.wallethub.UIAutomation.WalletHubProfileUiAutomation.PostReviewComment.TCC01_ToVerifyFiveStarAreSelected"/>
  <testcase name="selectStar" time="10.354" classname="com.wallethub.UIAutomation.WalletHubProfileUiAutomation.PostReviewComment.TCC01_ToVerifyFiveStarAreSelected"/>
</testsuite> <!-- com.wallethub.UIAutomation.WalletHubProfileUiAutomation.PostReviewComment.TCC01_ToVerifyFiveStarAreSelected -->
